\BOOKMARK [0][-]{chapter.1}{\376\377\000T\000h\000e\000\040\000A\000M\000O\000R\000E\000+\000+\000\040\000p\000a\000c\000k\000a\000g\000e}{}% 1
\BOOKMARK [1][-]{section.1.1}{\376\377\000I\000n\000t\000r\000o\000d\000u\000c\000t\000i\000o\000n}{chapter.1}% 2
\BOOKMARK [1][-]{section.1.2}{\376\377\000M\000o\000t\000i\000v\000a\000t\000i\000o\000n}{chapter.1}% 3
\BOOKMARK [1][-]{section.1.3}{\376\377\000R\000o\000a\000d\000\040\000M\000a\000p}{chapter.1}% 4
\BOOKMARK [0][-]{chapter.2}{\376\377\000C\000l\000a\000s\000s\000\040\000I\000n\000d\000e\000x}{}% 5
\BOOKMARK [1][-]{section.2.1}{\376\377\000C\000l\000a\000s\000s\000\040\000H\000i\000e\000r\000a\000r\000c\000h\000y}{chapter.2}% 6
\BOOKMARK [0][-]{chapter.3}{\376\377\000C\000l\000a\000s\000s\000\040\000I\000n\000d\000e\000x}{}% 7
\BOOKMARK [1][-]{section.3.1}{\376\377\000C\000l\000a\000s\000s\000\040\000L\000i\000s\000t}{chapter.3}% 8
\BOOKMARK [0][-]{chapter.4}{\376\377\000F\000i\000l\000e\000\040\000I\000n\000d\000e\000x}{}% 9
\BOOKMARK [1][-]{section.4.1}{\376\377\000F\000i\000l\000e\000\040\000L\000i\000s\000t}{chapter.4}% 10
\BOOKMARK [0][-]{chapter.5}{\376\377\000C\000l\000a\000s\000s\000\040\000D\000o\000c\000u\000m\000e\000n\000t\000a\000t\000i\000o\000n}{}% 11
\BOOKMARK [1][-]{section.5.1}{\376\377\000A\000d\000a\000p\000t\000B\000e\000h\000a\000v\000i\000o\000r\000\040\000C\000l\000a\000s\000s\000\040\000R\000e\000f\000e\000r\000e\000n\000c\000e}{chapter.5}% 12
\BOOKMARK [2][-]{subsection.5.1.1}{\376\377\000D\000e\000t\000a\000i\000l\000e\000d\000\040\000D\000e\000s\000c\000r\000i\000p\000t\000i\000o\000n}{section.5.1}% 13
\BOOKMARK [2][-]{subsection.5.1.2}{\376\377\000M\000e\000m\000b\000e\000r\000\040\000F\000u\000n\000c\000t\000i\000o\000n\000\040\000D\000o\000c\000u\000m\000e\000n\000t\000a\000t\000i\000o\000n}{section.5.1}% 14
\BOOKMARK [3][-]{subsubsection.5.1.2.1}{\376\377\000a\000d\000j\000u\000s\000t\000P\000a\000r\000a\000m\000e\000t\000e\000r\000s}{subsection.5.1.2}% 15
\BOOKMARK [1][-]{section.5.2}{\376\377\000A\000D\000A\000P\000T\000g\000d\000\040\000C\000l\000a\000s\000s\000\040\000R\000e\000f\000e\000r\000e\000n\000c\000e}{chapter.5}% 16
\BOOKMARK [2][-]{subsection.5.2.1}{\376\377\000D\000e\000t\000a\000i\000l\000e\000d\000\040\000D\000e\000s\000c\000r\000i\000p\000t\000i\000o\000n}{section.5.2}% 17
\BOOKMARK [2][-]{subsection.5.2.2}{\376\377\000M\000e\000m\000b\000e\000r\000\040\000F\000u\000n\000c\000t\000i\000o\000n\000\040\000D\000o\000c\000u\000m\000e\000n\000t\000a\000t\000i\000o\000n}{section.5.2}% 18
\BOOKMARK [3][-]{subsubsection.5.2.2.1}{\376\377\000a\000d\000j\000u\000s\000t\000P\000a\000r\000a\000m\000e\000t\000e\000r\000s}{subsection.5.2.2}% 19
\BOOKMARK [2][-]{subsection.5.2.3}{\376\377\000M\000e\000m\000b\000e\000r\000\040\000D\000a\000t\000a\000\040\000D\000o\000c\000u\000m\000e\000n\000t\000a\000t\000i\000o\000n}{section.5.2}% 20
\BOOKMARK [3][-]{subsubsection.5.2.3.1}{\376\377\000o\000u\000t\000p\000u\000t\000D\000e\000r\000i\000v\000a\000t\000i\000v\000e}{subsection.5.2.3}% 21
\BOOKMARK [1][-]{section.5.3}{\376\377\000A\000D\000A\000P\000T\000g\000d\000w\000m\000\040\000C\000l\000a\000s\000s\000\040\000R\000e\000f\000e\000r\000e\000n\000c\000e}{chapter.5}% 22
\BOOKMARK [2][-]{subsection.5.3.1}{\376\377\000D\000e\000t\000a\000i\000l\000e\000d\000\040\000D\000e\000s\000c\000r\000i\000p\000t\000i\000o\000n}{section.5.3}% 23
\BOOKMARK [2][-]{subsection.5.3.2}{\376\377\000M\000e\000m\000b\000e\000r\000\040\000F\000u\000n\000c\000t\000i\000o\000n\000\040\000D\000o\000c\000u\000m\000e\000n\000t\000a\000t\000i\000o\000n}{section.5.3}% 24
\BOOKMARK [3][-]{subsubsection.5.3.2.1}{\376\377\000a\000d\000j\000u\000s\000t\000P\000a\000r\000a\000m\000e\000t\000e\000r\000s}{subsection.5.3.2}% 25
\BOOKMARK [2][-]{subsection.5.3.3}{\376\377\000M\000e\000m\000b\000e\000r\000\040\000D\000a\000t\000a\000\040\000D\000o\000c\000u\000m\000e\000n\000t\000a\000t\000i\000o\000n}{section.5.3}% 26
\BOOKMARK [3][-]{subsubsection.5.3.3.1}{\376\377\000o\000u\000t\000p\000u\000t\000D\000e\000r\000i\000v\000a\000t\000i\000v\000e}{subsection.5.3.3}% 27
\BOOKMARK [1][-]{section.5.4}{\376\377\000B\000a\000t\000c\000h\000B\000e\000h\000a\000v\000i\000o\000r\000\040\000C\000l\000a\000s\000s\000\040\000R\000e\000f\000e\000r\000e\000n\000c\000e}{chapter.5}% 28
\BOOKMARK [2][-]{subsection.5.4.1}{\376\377\000D\000e\000t\000a\000i\000l\000e\000d\000\040\000D\000e\000s\000c\000r\000i\000p\000t\000i\000o\000n}{section.5.4}% 29
\BOOKMARK [2][-]{subsection.5.4.2}{\376\377\000M\000e\000m\000b\000e\000r\000\040\000F\000u\000n\000c\000t\000i\000o\000n\000\040\000D\000o\000c\000u\000m\000e\000n\000t\000a\000t\000i\000o\000n}{section.5.4}% 30
\BOOKMARK [3][-]{subsubsection.5.4.2.1}{\376\377\000a\000d\000j\000u\000s\000t\000P\000a\000r\000a\000m\000e\000t\000e\000r\000s}{subsection.5.4.2}% 31
\BOOKMARK [1][-]{section.5.5}{\376\377\000B\000A\000T\000C\000H\000g\000d\000\040\000C\000l\000a\000s\000s\000\040\000R\000e\000f\000e\000r\000e\000n\000c\000e}{chapter.5}% 32
\BOOKMARK [2][-]{subsection.5.5.1}{\376\377\000D\000e\000t\000a\000i\000l\000e\000d\000\040\000D\000e\000s\000c\000r\000i\000p\000t\000i\000o\000n}{section.5.5}% 33
\BOOKMARK [2][-]{subsection.5.5.2}{\376\377\000M\000e\000m\000b\000e\000r\000\040\000F\000u\000n\000c\000t\000i\000o\000n\000\040\000D\000o\000c\000u\000m\000e\000n\000t\000a\000t\000i\000o\000n}{section.5.5}% 34
\BOOKMARK [3][-]{subsubsection.5.5.2.1}{\376\377\000a\000d\000j\000u\000s\000t\000P\000a\000r\000a\000m\000e\000t\000e\000r\000s}{subsection.5.5.2}% 35
\BOOKMARK [2][-]{subsection.5.5.3}{\376\377\000M\000e\000m\000b\000e\000r\000\040\000D\000a\000t\000a\000\040\000D\000o\000c\000u\000m\000e\000n\000t\000a\000t\000i\000o\000n}{section.5.5}% 36
\BOOKMARK [3][-]{subsubsection.5.5.3.1}{\376\377\000o\000u\000t\000p\000u\000t\000D\000e\000r\000i\000v\000a\000t\000i\000v\000e}{subsection.5.5.3}% 37
\BOOKMARK [1][-]{section.5.6}{\376\377\000B\000A\000T\000C\000H\000g\000d\000w\000m\000\040\000C\000l\000a\000s\000s\000\040\000R\000e\000f\000e\000r\000e\000n\000c\000e}{chapter.5}% 38
\BOOKMARK [2][-]{subsection.5.6.1}{\376\377\000D\000e\000t\000a\000i\000l\000e\000d\000\040\000D\000e\000s\000c\000r\000i\000p\000t\000i\000o\000n}{section.5.6}% 39
\BOOKMARK [2][-]{subsection.5.6.2}{\376\377\000M\000e\000m\000b\000e\000r\000\040\000F\000u\000n\000c\000t\000i\000o\000n\000\040\000D\000o\000c\000u\000m\000e\000n\000t\000a\000t\000i\000o\000n}{section.5.6}% 40
\BOOKMARK [3][-]{subsubsection.5.6.2.1}{\376\377\000a\000d\000j\000u\000s\000t\000P\000a\000r\000a\000m\000e\000t\000e\000r\000s}{subsection.5.6.2}% 41
\BOOKMARK [2][-]{subsection.5.6.3}{\376\377\000M\000e\000m\000b\000e\000r\000\040\000D\000a\000t\000a\000\040\000D\000o\000c\000u\000m\000e\000n\000t\000a\000t\000i\000o\000n}{section.5.6}% 42
\BOOKMARK [3][-]{subsubsection.5.6.3.1}{\376\377\000o\000u\000t\000p\000u\000t\000D\000e\000r\000i\000v\000a\000t\000i\000v\000e}{subsection.5.6.3}% 43
\BOOKMARK [1][-]{section.5.7}{\376\377\000C\000o\000n\000\040\000C\000l\000a\000s\000s\000\040\000R\000e\000f\000e\000r\000e\000n\000c\000e}{chapter.5}% 44
\BOOKMARK [2][-]{subsection.5.7.1}{\376\377\000D\000e\000t\000a\000i\000l\000e\000d\000\040\000D\000e\000s\000c\000r\000i\000p\000t\000i\000o\000n}{section.5.7}% 45
\BOOKMARK [2][-]{subsection.5.7.2}{\376\377\000C\000o\000n\000s\000t\000r\000u\000c\000t\000o\000r\000\040\000\046\000\040\000D\000e\000s\000t\000r\000u\000c\000t\000o\000r\000\040\000D\000o\000c\000u\000m\000e\000n\000t\000a\000t\000i\000o\000n}{section.5.7}% 46
\BOOKMARK [3][-]{subsubsection.5.7.2.1}{\376\377\000C\000o\000n}{subsection.5.7.2}% 47
\BOOKMARK [3][-]{subsubsection.5.7.2.2}{\376\377\000C\000o\000n}{subsection.5.7.2}% 48
\BOOKMARK [2][-]{subsection.5.7.3}{\376\377\000M\000e\000m\000b\000e\000r\000\040\000F\000u\000n\000c\000t\000i\000o\000n\000\040\000D\000o\000c\000u\000m\000e\000n\000t\000a\000t\000i\000o\000n}{section.5.7}% 49
\BOOKMARK [3][-]{subsubsection.5.7.3.1}{\376\377\000g\000e\000t\000N\000e\000u\000r\000o\000n}{subsection.5.7.3}% 50
\BOOKMARK [3][-]{subsubsection.5.7.3.2}{\376\377\000g\000e\000t\000W\000e\000i\000g\000h\000t}{subsection.5.7.3}% 51
\BOOKMARK [3][-]{subsubsection.5.7.3.3}{\376\377\000I\000d}{subsection.5.7.3}% 52
\BOOKMARK [3][-]{subsubsection.5.7.3.4}{\376\377\000s\000e\000t\000N\000e\000u\000r\000o\000n}{subsection.5.7.3}% 53
\BOOKMARK [3][-]{subsubsection.5.7.3.5}{\376\377\000s\000e\000t\000W\000e\000i\000g\000h\000t}{subsection.5.7.3}% 54
\BOOKMARK [3][-]{subsubsection.5.7.3.6}{\376\377\000s\000h\000o\000w}{subsection.5.7.3}% 55
\BOOKMARK [3][-]{subsubsection.5.7.3.7}{\376\377\000v\000a\000l\000i\000d\000a\000t\000e}{subsection.5.7.3}% 56
\BOOKMARK [2][-]{subsection.5.7.4}{\376\377\000M\000e\000m\000b\000e\000r\000\040\000D\000a\000t\000a\000\040\000D\000o\000c\000u\000m\000e\000n\000t\000a\000t\000i\000o\000n}{section.5.7}% 57
\BOOKMARK [3][-]{subsubsection.5.7.4.1}{\376\377\000d\000\137\000n\000e\000u\000r\000o\000n}{subsection.5.7.4}% 58
\BOOKMARK [3][-]{subsubsection.5.7.4.2}{\376\377\000d\000\137\000w\000e\000i\000g\000h\000t}{subsection.5.7.4}% 59
\BOOKMARK [1][-]{section.5.8}{\376\377\000C\000o\000n\000t\000a\000i\000n\000e\000r\000<\000\040\000T\000\040\000>\000\040\000C\000l\000a\000s\000s\000\040\000T\000e\000m\000p\000l\000a\000t\000e\000\040\000R\000e\000f\000e\000r\000e\000n\000c\000e}{chapter.5}% 60
\BOOKMARK [2][-]{subsection.5.8.1}{\376\377\000D\000e\000t\000a\000i\000l\000e\000d\000\040\000D\000e\000s\000c\000r\000i\000p\000t\000i\000o\000n}{section.5.8}% 61
\BOOKMARK [2][-]{subsection.5.8.2}{\376\377\000C\000o\000n\000s\000t\000r\000u\000c\000t\000o\000r\000\040\000\046\000\040\000D\000e\000s\000t\000r\000u\000c\000t\000o\000r\000\040\000D\000o\000c\000u\000m\000e\000n\000t\000a\000t\000i\000o\000n}{section.5.8}% 62
\BOOKMARK [3][-]{subsubsection.5.8.2.1}{\376\377\000C\000o\000n\000t\000a\000i\000n\000e\000r}{subsection.5.8.2}% 63
\BOOKMARK [3][-]{subsubsection.5.8.2.2}{\376\377\000C\000o\000n\000t\000a\000i\000n\000e\000r}{subsection.5.8.2}% 64
\BOOKMARK [2][-]{subsection.5.8.3}{\376\377\000M\000e\000m\000b\000e\000r\000\040\000F\000u\000n\000c\000t\000i\000o\000n\000\040\000D\000o\000c\000u\000m\000e\000n\000t\000a\000t\000i\000o\000n}{section.5.8}% 65
\BOOKMARK [3][-]{subsubsection.5.8.3.1}{\376\377\000a\000t}{subsection.5.8.3}% 66
\BOOKMARK [3][-]{subsubsection.5.8.3.2}{\376\377\000c\000l\000e\000a\000r}{subsection.5.8.3}% 67
\BOOKMARK [3][-]{subsubsection.5.8.3.3}{\376\377\000c\000r\000e\000a\000t\000e\000I\000t\000e\000r\000a\000t\000o\000r}{subsection.5.8.3}% 68
\BOOKMARK [3][-]{subsubsection.5.8.3.4}{\376\377\000e\000m\000p\000t\000y}{subsection.5.8.3}% 69
\BOOKMARK [3][-]{subsubsection.5.8.3.5}{\376\377\000p\000u\000s\000h\000\137\000b\000a\000c\000k}{subsection.5.8.3}% 70
\BOOKMARK [3][-]{subsubsection.5.8.3.6}{\376\377\000r\000e\000s\000e\000r\000v\000e}{subsection.5.8.3}% 71
\BOOKMARK [3][-]{subsubsection.5.8.3.7}{\376\377\000s\000h\000o\000w}{subsection.5.8.3}% 72
\BOOKMARK [3][-]{subsubsection.5.8.3.8}{\376\377\000s\000i\000z\000e}{subsection.5.8.3}% 73
\BOOKMARK [3][-]{subsubsection.5.8.3.9}{\376\377\000v\000a\000l\000i\000d\000a\000t\000e}{subsection.5.8.3}% 74
\BOOKMARK [1][-]{section.5.9}{\376\377\000I\000t\000e\000r\000a\000t\000o\000r\000<\000\040\000T\000\040\000>\000\040\000C\000l\000a\000s\000s\000\040\000T\000e\000m\000p\000l\000a\000t\000e\000\040\000R\000e\000f\000e\000r\000e\000n\000c\000e}{chapter.5}% 75
\BOOKMARK [2][-]{subsection.5.9.1}{\376\377\000D\000e\000t\000a\000i\000l\000e\000d\000\040\000D\000e\000s\000c\000r\000i\000p\000t\000i\000o\000n}{section.5.9}% 76
\BOOKMARK [2][-]{subsection.5.9.2}{\376\377\000C\000o\000n\000s\000t\000r\000u\000c\000t\000o\000r\000\040\000\046\000\040\000D\000e\000s\000t\000r\000u\000c\000t\000o\000r\000\040\000D\000o\000c\000u\000m\000e\000n\000t\000a\000t\000i\000o\000n}{section.5.9}% 77
\BOOKMARK [3][-]{subsubsection.5.9.2.1}{\376\377\000I\000t\000e\000r\000a\000t\000o\000r}{subsection.5.9.2}% 78
\BOOKMARK [3][-]{subsubsection.5.9.2.2}{\376\377\000I\000t\000e\000r\000a\000t\000o\000r}{subsection.5.9.2}% 79
\BOOKMARK [2][-]{subsection.5.9.3}{\376\377\000M\000e\000m\000b\000e\000r\000\040\000F\000u\000n\000c\000t\000i\000o\000n\000\040\000D\000o\000c\000u\000m\000e\000n\000t\000a\000t\000i\000o\000n}{section.5.9}% 80
\BOOKMARK [3][-]{subsubsection.5.9.3.1}{\376\377\000c\000u\000r\000r\000e\000n\000t\000I\000t\000e\000m}{subsection.5.9.3}% 81
\BOOKMARK [3][-]{subsubsection.5.9.3.2}{\376\377\000f\000i\000r\000s\000t}{subsection.5.9.3}% 82
\BOOKMARK [3][-]{subsubsection.5.9.3.3}{\376\377\000i\000s\000D\000o\000n\000e}{subsection.5.9.3}% 83
\BOOKMARK [3][-]{subsubsection.5.9.3.4}{\376\377\000n\000e\000x\000t}{subsection.5.9.3}% 84
\BOOKMARK [1][-]{section.5.10}{\376\377\000M\000L\000P\000b\000e\000h\000a\000v\000i\000o\000r\000\040\000C\000l\000a\000s\000s\000\040\000R\000e\000f\000e\000r\000e\000n\000c\000e}{chapter.5}% 85
\BOOKMARK [2][-]{subsection.5.10.1}{\376\377\000D\000e\000t\000a\000i\000l\000e\000d\000\040\000D\000e\000s\000c\000r\000i\000p\000t\000i\000o\000n}{section.5.10}% 86
\BOOKMARK [2][-]{subsection.5.10.2}{\376\377\000M\000e\000m\000b\000e\000r\000\040\000F\000u\000n\000c\000t\000i\000o\000n\000\040\000D\000o\000c\000u\000m\000e\000n\000t\000a\000t\000i\000o\000n}{section.5.10}% 87
\BOOKMARK [3][-]{subsubsection.5.10.2.1}{\376\377\000p\000r\000e\000d\000i\000c\000t}{subsection.5.10.2}% 88
\BOOKMARK [2][-]{subsection.5.10.3}{\376\377\000M\000e\000m\000b\000e\000r\000\040\000D\000a\000t\000a\000\040\000D\000o\000c\000u\000m\000e\000n\000t\000a\000t\000i\000o\000n}{section.5.10}% 89
\BOOKMARK [3][-]{subsubsection.5.10.3.1}{\376\377\000d\000\137\000a\000c\000c\000u\000m\000u\000l\000a\000t\000o\000r}{subsection.5.10.3}% 90
\BOOKMARK [3][-]{subsubsection.5.10.3.2}{\376\377\000d\000\137\000b\000i\000a\000s}{subsection.5.10.3}% 91
\BOOKMARK [3][-]{subsubsection.5.10.3.3}{\376\377\000d\000\137\000n\000C\000o\000n\000s}{subsection.5.10.3}% 92
\BOOKMARK [3][-]{subsubsection.5.10.3.4}{\376\377\000d\000\137\000o\000u\000t\000p\000u\000t}{subsection.5.10.3}% 93
\BOOKMARK [1][-]{section.5.11}{\376\377\000M\000L\000P\000f\000a\000c\000t\000o\000r\000y\000\040\000C\000l\000a\000s\000s\000\040\000R\000e\000f\000e\000r\000e\000n\000c\000e}{chapter.5}% 94
\BOOKMARK [2][-]{subsection.5.11.1}{\376\377\000D\000e\000t\000a\000i\000l\000e\000d\000\040\000D\000e\000s\000c\000r\000i\000p\000t\000i\000o\000n}{section.5.11}% 95
\BOOKMARK [2][-]{subsection.5.11.2}{\376\377\000C\000o\000n\000s\000t\000r\000u\000c\000t\000o\000r\000\040\000\046\000\040\000D\000e\000s\000t\000r\000u\000c\000t\000o\000r\000\040\000D\000o\000c\000u\000m\000e\000n\000t\000a\000t\000i\000o\000n}{section.5.11}% 96
\BOOKMARK [3][-]{subsubsection.5.11.2.1}{\376\377\000M\000L\000P\000f\000a\000c\000t\000o\000r\000y}{subsection.5.11.2}% 97
\BOOKMARK [2][-]{subsection.5.11.3}{\376\377\000M\000e\000m\000b\000e\000r\000\040\000F\000u\000n\000c\000t\000i\000o\000n\000\040\000D\000o\000c\000u\000m\000e\000n\000t\000a\000t\000i\000o\000n}{section.5.11}% 98
\BOOKMARK [3][-]{subsubsection.5.11.3.1}{\376\377\000m\000a\000k\000e\000C\000o\000n}{subsection.5.11.3}% 99
\BOOKMARK [3][-]{subsubsection.5.11.3.2}{\376\377\000m\000a\000k\000e\000C\000o\000n}{subsection.5.11.3}% 100
\BOOKMARK [3][-]{subsubsection.5.11.3.3}{\376\377\000m\000a\000k\000e\000C\000o\000n\000C\000o\000n\000t\000a\000i\000n\000e\000r}{subsection.5.11.3}% 101
\BOOKMARK [3][-]{subsubsection.5.11.3.4}{\376\377\000m\000a\000k\000e\000N\000e\000u\000r\000o\000n}{subsection.5.11.3}% 102
\BOOKMARK [3][-]{subsubsection.5.11.3.5}{\376\377\000m\000a\000k\000e\000N\000e\000u\000r\000o\000n\000C\000o\000n\000t\000a\000i\000n\000e\000r}{subsection.5.11.3}% 103
\BOOKMARK [1][-]{section.5.12}{\376\377\000N\000e\000u\000r\000a\000l\000C\000r\000e\000a\000t\000o\000r\000\040\000C\000l\000a\000s\000s\000\040\000R\000e\000f\000e\000r\000e\000n\000c\000e}{chapter.5}% 104
\BOOKMARK [2][-]{subsection.5.12.1}{\376\377\000D\000e\000t\000a\000i\000l\000e\000d\000\040\000D\000e\000s\000c\000r\000i\000p\000t\000i\000o\000n}{section.5.12}% 105
\BOOKMARK [2][-]{subsection.5.12.2}{\376\377\000M\000e\000m\000b\000e\000r\000\040\000F\000u\000n\000c\000t\000i\000o\000n\000\040\000D\000o\000c\000u\000m\000e\000n\000t\000a\000t\000i\000o\000n}{section.5.12}% 106
\BOOKMARK [3][-]{subsubsection.5.12.2.1}{\376\377\000c\000r\000e\000a\000t\000e\000C\000o\000n}{subsection.5.12.2}% 107
\BOOKMARK [3][-]{subsubsection.5.12.2.2}{\376\377\000c\000r\000e\000a\000t\000e\000N\000e\000u\000r\000o\000n}{subsection.5.12.2}% 108
\BOOKMARK [1][-]{section.5.13}{\376\377\000N\000e\000u\000r\000a\000l\000F\000a\000c\000t\000o\000r\000y\000\040\000C\000l\000a\000s\000s\000\040\000R\000e\000f\000e\000r\000e\000n\000c\000e}{chapter.5}% 109
\BOOKMARK [2][-]{subsection.5.13.1}{\376\377\000D\000e\000t\000a\000i\000l\000e\000d\000\040\000D\000e\000s\000c\000r\000i\000p\000t\000i\000o\000n}{section.5.13}% 110
\BOOKMARK [2][-]{subsection.5.13.2}{\376\377\000M\000e\000m\000b\000e\000r\000\040\000F\000u\000n\000c\000t\000i\000o\000n\000\040\000D\000o\000c\000u\000m\000e\000n\000t\000a\000t\000i\000o\000n}{section.5.13}% 111
\BOOKMARK [3][-]{subsubsection.5.13.2.1}{\376\377\000m\000a\000k\000e\000C\000o\000n}{subsection.5.13.2}% 112
\BOOKMARK [3][-]{subsubsection.5.13.2.2}{\376\377\000m\000a\000k\000e\000C\000o\000n}{subsection.5.13.2}% 113
\BOOKMARK [3][-]{subsubsection.5.13.2.3}{\376\377\000m\000a\000k\000e\000C\000o\000n\000C\000o\000n\000t\000a\000i\000n\000e\000r}{subsection.5.13.2}% 114
\BOOKMARK [3][-]{subsubsection.5.13.2.4}{\376\377\000m\000a\000k\000e\000N\000e\000u\000r\000o\000n}{subsection.5.13.2}% 115
\BOOKMARK [3][-]{subsubsection.5.13.2.5}{\376\377\000m\000a\000k\000e\000N\000e\000u\000r\000o\000n\000C\000o\000n\000t\000a\000i\000n\000e\000r}{subsection.5.13.2}% 116
\BOOKMARK [1][-]{section.5.14}{\376\377\000N\000e\000u\000r\000o\000n\000\040\000C\000l\000a\000s\000s\000\040\000R\000e\000f\000e\000r\000e\000n\000c\000e}{chapter.5}% 117
\BOOKMARK [2][-]{subsection.5.14.1}{\376\377\000D\000e\000t\000a\000i\000l\000e\000d\000\040\000D\000e\000s\000c\000r\000i\000p\000t\000i\000o\000n}{section.5.14}% 118
\BOOKMARK [2][-]{subsection.5.14.2}{\376\377\000M\000e\000m\000b\000e\000r\000\040\000F\000u\000n\000c\000t\000i\000o\000n\000\040\000D\000o\000c\000u\000m\000e\000n\000t\000a\000t\000i\000o\000n}{section.5.14}% 119
\BOOKMARK [3][-]{subsubsection.5.14.2.1}{\376\377\000g\000e\000t\000I\000d}{subsection.5.14.2}% 120
\BOOKMARK [3][-]{subsubsection.5.14.2.2}{\376\377\000s\000e\000t\000I\000d}{subsection.5.14.2}% 121
\BOOKMARK [3][-]{subsubsection.5.14.2.3}{\376\377\000s\000h\000o\000w}{subsection.5.14.2}% 122
\BOOKMARK [3][-]{subsubsection.5.14.2.4}{\376\377\000v\000a\000l\000i\000d\000a\000t\000e}{subsection.5.14.2}% 123
\BOOKMARK [1][-]{section.5.15}{\376\377\000P\000r\000e\000d\000i\000c\000t\000B\000e\000h\000a\000v\000i\000o\000r\000\040\000C\000l\000a\000s\000s\000\040\000R\000e\000f\000e\000r\000e\000n\000c\000e}{chapter.5}% 124
\BOOKMARK [2][-]{subsection.5.15.1}{\376\377\000D\000e\000t\000a\000i\000l\000e\000d\000\040\000D\000e\000s\000c\000r\000i\000p\000t\000i\000o\000n}{section.5.15}% 125
\BOOKMARK [2][-]{subsection.5.15.2}{\376\377\000M\000e\000m\000b\000e\000r\000\040\000F\000u\000n\000c\000t\000i\000o\000n\000\040\000D\000o\000c\000u\000m\000e\000n\000t\000a\000t\000i\000o\000n}{section.5.15}% 126
\BOOKMARK [3][-]{subsubsection.5.15.2.1}{\376\377\000p\000r\000e\000d\000i\000c\000t}{subsection.5.15.2}% 127
\BOOKMARK [1][-]{section.5.16}{\376\377\000R\000B\000F\000b\000e\000h\000a\000v\000i\000o\000r\000\040\000C\000l\000a\000s\000s\000\040\000R\000e\000f\000e\000r\000e\000n\000c\000e}{chapter.5}% 128
\BOOKMARK [2][-]{subsection.5.16.1}{\376\377\000D\000e\000t\000a\000i\000l\000e\000d\000\040\000D\000e\000s\000c\000r\000i\000p\000t\000i\000o\000n}{section.5.16}% 129
\BOOKMARK [2][-]{subsection.5.16.2}{\376\377\000M\000e\000m\000b\000e\000r\000\040\000F\000u\000n\000c\000t\000i\000o\000n\000\040\000D\000o\000c\000u\000m\000e\000n\000t\000a\000t\000i\000o\000n}{section.5.16}% 130
\BOOKMARK [3][-]{subsubsection.5.16.2.1}{\376\377\000p\000r\000e\000d\000i\000c\000t}{subsection.5.16.2}% 131
\BOOKMARK [2][-]{subsection.5.16.3}{\376\377\000M\000e\000m\000b\000e\000r\000\040\000D\000a\000t\000a\000\040\000D\000o\000c\000u\000m\000e\000n\000t\000a\000t\000i\000o\000n}{section.5.16}% 132
\BOOKMARK [3][-]{subsubsection.5.16.3.1}{\376\377\000d\000\137\000a\000c\000c\000u\000m\000u\000l\000a\000t\000o\000r}{subsection.5.16.3}% 133
\BOOKMARK [3][-]{subsubsection.5.16.3.2}{\376\377\000d\000\137\000a\000l\000t\000i\000t\000u\000d\000e}{subsection.5.16.3}% 134
\BOOKMARK [3][-]{subsubsection.5.16.3.3}{\376\377\000d\000\137\000n\000C\000o\000n\000s}{subsection.5.16.3}% 135
\BOOKMARK [3][-]{subsubsection.5.16.3.4}{\376\377\000d\000\137\000o\000u\000t\000p\000u\000t}{subsection.5.16.3}% 136
\BOOKMARK [3][-]{subsubsection.5.16.3.5}{\376\377\000d\000\137\000w\000i\000d\000t\000h}{subsection.5.16.3}% 137
\BOOKMARK [1][-]{section.5.17}{\376\377\000R\000B\000F\000f\000a\000c\000t\000o\000r\000y\000\040\000C\000l\000a\000s\000s\000\040\000R\000e\000f\000e\000r\000e\000n\000c\000e}{chapter.5}% 138
\BOOKMARK [2][-]{subsection.5.17.1}{\376\377\000D\000e\000t\000a\000i\000l\000e\000d\000\040\000D\000e\000s\000c\000r\000i\000p\000t\000i\000o\000n}{section.5.17}% 139
\BOOKMARK [2][-]{subsection.5.17.2}{\376\377\000C\000o\000n\000s\000t\000r\000u\000c\000t\000o\000r\000\040\000\046\000\040\000D\000e\000s\000t\000r\000u\000c\000t\000o\000r\000\040\000D\000o\000c\000u\000m\000e\000n\000t\000a\000t\000i\000o\000n}{section.5.17}% 140
\BOOKMARK [3][-]{subsubsection.5.17.2.1}{\376\377\000R\000B\000F\000f\000a\000c\000t\000o\000r\000y}{subsection.5.17.2}% 141
\BOOKMARK [2][-]{subsection.5.17.3}{\376\377\000M\000e\000m\000b\000e\000r\000\040\000F\000u\000n\000c\000t\000i\000o\000n\000\040\000D\000o\000c\000u\000m\000e\000n\000t\000a\000t\000i\000o\000n}{section.5.17}% 142
\BOOKMARK [3][-]{subsubsection.5.17.3.1}{\376\377\000m\000a\000k\000e\000C\000o\000n}{subsection.5.17.3}% 143
\BOOKMARK [3][-]{subsubsection.5.17.3.2}{\376\377\000m\000a\000k\000e\000C\000o\000n}{subsection.5.17.3}% 144
\BOOKMARK [3][-]{subsubsection.5.17.3.3}{\376\377\000m\000a\000k\000e\000C\000o\000n\000C\000o\000n\000t\000a\000i\000n\000e\000r}{subsection.5.17.3}% 145
\BOOKMARK [3][-]{subsubsection.5.17.3.4}{\376\377\000m\000a\000k\000e\000N\000e\000u\000r\000o\000n}{subsection.5.17.3}% 146
\BOOKMARK [3][-]{subsubsection.5.17.3.5}{\376\377\000m\000a\000k\000e\000N\000e\000u\000r\000o\000n\000C\000o\000n\000t\000a\000i\000n\000e\000r}{subsection.5.17.3}% 147
\BOOKMARK [1][-]{section.5.18}{\376\377\000S\000i\000m\000p\000l\000e\000C\000o\000n\000t\000a\000i\000n\000e\000r\000<\000\040\000T\000\040\000>\000\040\000C\000l\000a\000s\000s\000\040\000T\000e\000m\000p\000l\000a\000t\000e\000\040\000R\000e\000f\000e\000r\000e\000n\000c\000e}{chapter.5}% 148
\BOOKMARK [2][-]{subsection.5.18.1}{\376\377\000D\000e\000t\000a\000i\000l\000e\000d\000\040\000D\000e\000s\000c\000r\000i\000p\000t\000i\000o\000n}{section.5.18}% 149
\BOOKMARK [2][-]{subsection.5.18.2}{\376\377\000C\000o\000n\000s\000t\000r\000u\000c\000t\000o\000r\000\040\000\046\000\040\000D\000e\000s\000t\000r\000u\000c\000t\000o\000r\000\040\000D\000o\000c\000u\000m\000e\000n\000t\000a\000t\000i\000o\000n}{section.5.18}% 150
\BOOKMARK [3][-]{subsubsection.5.18.2.1}{\376\377\000S\000i\000m\000p\000l\000e\000C\000o\000n\000t\000a\000i\000n\000e\000r}{subsection.5.18.2}% 151
\BOOKMARK [3][-]{subsubsection.5.18.2.2}{\376\377\000S\000i\000m\000p\000l\000e\000C\000o\000n\000t\000a\000i\000n\000e\000r}{subsection.5.18.2}% 152
\BOOKMARK [2][-]{subsection.5.18.3}{\376\377\000M\000e\000m\000b\000e\000r\000\040\000F\000u\000n\000c\000t\000i\000o\000n\000\040\000D\000o\000c\000u\000m\000e\000n\000t\000a\000t\000i\000o\000n}{section.5.18}% 153
\BOOKMARK [3][-]{subsubsection.5.18.3.1}{\376\377\000a\000t}{subsection.5.18.3}% 154
\BOOKMARK [3][-]{subsubsection.5.18.3.2}{\376\377\000c\000l\000e\000a\000r}{subsection.5.18.3}% 155
\BOOKMARK [3][-]{subsubsection.5.18.3.3}{\376\377\000c\000r\000e\000a\000t\000e\000I\000t\000e\000r\000a\000t\000o\000r}{subsection.5.18.3}% 156
\BOOKMARK [3][-]{subsubsection.5.18.3.4}{\376\377\000e\000m\000p\000t\000y}{subsection.5.18.3}% 157
\BOOKMARK [3][-]{subsubsection.5.18.3.5}{\376\377\000p\000u\000s\000h\000\137\000b\000a\000c\000k}{subsection.5.18.3}% 158
\BOOKMARK [3][-]{subsubsection.5.18.3.6}{\376\377\000r\000e\000s\000e\000r\000v\000e}{subsection.5.18.3}% 159
\BOOKMARK [3][-]{subsubsection.5.18.3.7}{\376\377\000s\000h\000o\000w}{subsection.5.18.3}% 160
\BOOKMARK [3][-]{subsubsection.5.18.3.8}{\376\377\000s\000i\000z\000e}{subsection.5.18.3}% 161
\BOOKMARK [3][-]{subsubsection.5.18.3.9}{\376\377\000v\000a\000l\000i\000d\000a\000t\000e}{subsection.5.18.3}% 162
\BOOKMARK [2][-]{subsection.5.18.4}{\376\377\000F\000r\000i\000e\000n\000d\000s\000\040\000A\000n\000d\000\040\000R\000e\000l\000a\000t\000e\000d\000\040\000F\000u\000n\000c\000t\000i\000o\000n\000\040\000D\000o\000c\000u\000m\000e\000n\000t\000a\000t\000i\000o\000n}{section.5.18}% 163
\BOOKMARK [3][-]{subsubsection.5.18.4.1}{\376\377\000S\000i\000m\000p\000l\000e\000C\000o\000n\000t\000a\000i\000n\000e\000r\000I\000t\000e\000r\000a\000t\000o\000r\000<\000\040\000T\000\040\000>}{subsection.5.18.4}% 164
\BOOKMARK [2][-]{subsection.5.18.5}{\376\377\000M\000e\000m\000b\000e\000r\000\040\000D\000a\000t\000a\000\040\000D\000o\000c\000u\000m\000e\000n\000t\000a\000t\000i\000o\000n}{section.5.18}% 165
\BOOKMARK [3][-]{subsubsection.5.18.5.1}{\376\377\000d\000\137\000c\000o\000l\000l\000e\000c\000t\000i\000o\000n}{subsection.5.18.5}% 166
\BOOKMARK [1][-]{section.5.19}{\376\377\000S\000i\000m\000p\000l\000e\000C\000o\000n\000t\000a\000i\000n\000e\000r\000I\000t\000e\000r\000a\000t\000o\000r\000<\000\040\000T\000\040\000>\000\040\000C\000l\000a\000s\000s\000\040\000T\000e\000m\000p\000l\000a\000t\000e\000\040\000R\000e\000f\000e\000r\000e\000n\000c\000e}{chapter.5}% 167
\BOOKMARK [2][-]{subsection.5.19.1}{\376\377\000D\000e\000t\000a\000i\000l\000e\000d\000\040\000D\000e\000s\000c\000r\000i\000p\000t\000i\000o\000n}{section.5.19}% 168
\BOOKMARK [2][-]{subsection.5.19.2}{\376\377\000C\000o\000n\000s\000t\000r\000u\000c\000t\000o\000r\000\040\000\046\000\040\000D\000e\000s\000t\000r\000u\000c\000t\000o\000r\000\040\000D\000o\000c\000u\000m\000e\000n\000t\000a\000t\000i\000o\000n}{section.5.19}% 169
\BOOKMARK [3][-]{subsubsection.5.19.2.1}{\376\377\000S\000i\000m\000p\000l\000e\000C\000o\000n\000t\000a\000i\000n\000e\000r\000I\000t\000e\000r\000a\000t\000o\000r}{subsection.5.19.2}% 170
\BOOKMARK [3][-]{subsubsection.5.19.2.2}{\376\377\000S\000i\000m\000p\000l\000e\000C\000o\000n\000t\000a\000i\000n\000e\000r\000I\000t\000e\000r\000a\000t\000o\000r}{subsection.5.19.2}% 171
\BOOKMARK [2][-]{subsection.5.19.3}{\376\377\000M\000e\000m\000b\000e\000r\000\040\000F\000u\000n\000c\000t\000i\000o\000n\000\040\000D\000o\000c\000u\000m\000e\000n\000t\000a\000t\000i\000o\000n}{section.5.19}% 172
\BOOKMARK [3][-]{subsubsection.5.19.3.1}{\376\377\000c\000u\000r\000r\000e\000n\000t\000I\000t\000e\000m}{subsection.5.19.3}% 173
\BOOKMARK [3][-]{subsubsection.5.19.3.2}{\376\377\000f\000i\000r\000s\000t}{subsection.5.19.3}% 174
\BOOKMARK [3][-]{subsubsection.5.19.3.3}{\376\377\000i\000s\000D\000o\000n\000e}{subsection.5.19.3}% 175
\BOOKMARK [3][-]{subsubsection.5.19.3.4}{\376\377\000n\000e\000x\000t}{subsection.5.19.3}% 176
\BOOKMARK [2][-]{subsection.5.19.4}{\376\377\000F\000r\000i\000e\000n\000d\000s\000\040\000A\000n\000d\000\040\000R\000e\000l\000a\000t\000e\000d\000\040\000F\000u\000n\000c\000t\000i\000o\000n\000\040\000D\000o\000c\000u\000m\000e\000n\000t\000a\000t\000i\000o\000n}{section.5.19}% 177
\BOOKMARK [3][-]{subsubsection.5.19.4.1}{\376\377\000S\000i\000m\000p\000l\000e\000C\000o\000n\000t\000a\000i\000n\000e\000r\000<\000\040\000T\000\040\000>}{subsection.5.19.4}% 178
\BOOKMARK [2][-]{subsection.5.19.5}{\376\377\000M\000e\000m\000b\000e\000r\000\040\000D\000a\000t\000a\000\040\000D\000o\000c\000u\000m\000e\000n\000t\000a\000t\000i\000o\000n}{section.5.19}% 179
\BOOKMARK [3][-]{subsubsection.5.19.5.1}{\376\377\000d\000\137\000c\000o\000n\000t\000a\000i\000n\000e\000r}{subsection.5.19.5}% 180
\BOOKMARK [3][-]{subsubsection.5.19.5.2}{\376\377\000d\000\137\000c\000u\000r\000r\000e\000n\000t}{subsection.5.19.5}% 181
\BOOKMARK [1][-]{section.5.20}{\376\377\000S\000i\000m\000p\000l\000e\000N\000e\000u\000r\000a\000l\000C\000r\000e\000a\000t\000o\000r\000\040\000C\000l\000a\000s\000s\000\040\000R\000e\000f\000e\000r\000e\000n\000c\000e}{chapter.5}% 182
\BOOKMARK [2][-]{subsection.5.20.1}{\376\377\000D\000e\000t\000a\000i\000l\000e\000d\000\040\000D\000e\000s\000c\000r\000i\000p\000t\000i\000o\000n}{section.5.20}% 183
\BOOKMARK [2][-]{subsection.5.20.2}{\376\377\000C\000o\000n\000s\000t\000r\000u\000c\000t\000o\000r\000\040\000\046\000\040\000D\000e\000s\000t\000r\000u\000c\000t\000o\000r\000\040\000D\000o\000c\000u\000m\000e\000n\000t\000a\000t\000i\000o\000n}{section.5.20}% 184
\BOOKMARK [3][-]{subsubsection.5.20.2.1}{\376\377\000S\000i\000m\000p\000l\000e\000N\000e\000u\000r\000a\000l\000C\000r\000e\000a\000t\000o\000r}{subsection.5.20.2}% 185
\BOOKMARK [2][-]{subsection.5.20.3}{\376\377\000M\000e\000m\000b\000e\000r\000\040\000F\000u\000n\000c\000t\000i\000o\000n\000\040\000D\000o\000c\000u\000m\000e\000n\000t\000a\000t\000i\000o\000n}{section.5.20}% 186
\BOOKMARK [3][-]{subsubsection.5.20.3.1}{\376\377\000c\000r\000e\000a\000t\000e\000C\000o\000n}{subsection.5.20.3}% 187
\BOOKMARK [3][-]{subsubsection.5.20.3.2}{\376\377\000c\000r\000e\000a\000t\000e\000N\000e\000u\000r\000o\000n}{subsection.5.20.3}% 188
\BOOKMARK [1][-]{section.5.21}{\376\377\000S\000i\000m\000p\000l\000e\000N\000e\000u\000r\000o\000n\000\040\000C\000l\000a\000s\000s\000\040\000R\000e\000f\000e\000r\000e\000n\000c\000e}{chapter.5}% 189
\BOOKMARK [2][-]{subsection.5.21.1}{\376\377\000D\000e\000t\000a\000i\000l\000e\000d\000\040\000D\000e\000s\000c\000r\000i\000p\000t\000i\000o\000n}{section.5.21}% 190
\BOOKMARK [2][-]{subsection.5.21.2}{\376\377\000C\000o\000n\000s\000t\000r\000u\000c\000t\000o\000r\000\040\000\046\000\040\000D\000e\000s\000t\000r\000u\000c\000t\000o\000r\000\040\000D\000o\000c\000u\000m\000e\000n\000t\000a\000t\000i\000o\000n}{section.5.21}% 191
\BOOKMARK [3][-]{subsubsection.5.21.2.1}{\376\377\000S\000i\000m\000p\000l\000e\000N\000e\000u\000r\000o\000n}{subsection.5.21.2}% 192
\BOOKMARK [2][-]{subsection.5.21.3}{\376\377\000M\000e\000m\000b\000e\000r\000\040\000F\000u\000n\000c\000t\000i\000o\000n\000\040\000D\000o\000c\000u\000m\000e\000n\000t\000a\000t\000i\000o\000n}{section.5.21}% 193
\BOOKMARK [3][-]{subsubsection.5.21.3.1}{\376\377\000g\000e\000t\000I\000d}{subsection.5.21.3}% 194
\BOOKMARK [3][-]{subsubsection.5.21.3.2}{\376\377\000s\000e\000t\000I\000d}{subsection.5.21.3}% 195
\BOOKMARK [3][-]{subsubsection.5.21.3.3}{\376\377\000s\000h\000o\000w}{subsection.5.21.3}% 196
\BOOKMARK [3][-]{subsubsection.5.21.3.4}{\376\377\000v\000a\000l\000i\000d\000a\000t\000e}{subsection.5.21.3}% 197
\BOOKMARK [2][-]{subsection.5.21.4}{\376\377\000M\000e\000m\000b\000e\000r\000\040\000D\000a\000t\000a\000\040\000D\000o\000c\000u\000m\000e\000n\000t\000a\000t\000i\000o\000n}{section.5.21}% 198
\BOOKMARK [3][-]{subsubsection.5.21.4.1}{\376\377\000d\000\137\000I\000d}{subsection.5.21.4}% 199
\BOOKMARK [1][-]{section.5.22}{\376\377\000T\000r\000a\000i\000n\000i\000n\000g\000B\000e\000h\000a\000v\000i\000o\000r\000\040\000C\000l\000a\000s\000s\000\040\000R\000e\000f\000e\000r\000e\000n\000c\000e}{chapter.5}% 200
\BOOKMARK [2][-]{subsection.5.22.1}{\376\377\000D\000e\000t\000a\000i\000l\000e\000d\000\040\000D\000e\000s\000c\000r\000i\000p\000t\000i\000o\000n}{section.5.22}% 201
\BOOKMARK [2][-]{subsection.5.22.2}{\376\377\000M\000e\000m\000b\000e\000r\000\040\000F\000u\000n\000c\000t\000i\000o\000n\000\040\000D\000o\000c\000u\000m\000e\000n\000t\000a\000t\000i\000o\000n}{section.5.22}% 202
\BOOKMARK [3][-]{subsubsection.5.22.2.1}{\376\377\000a\000d\000j\000u\000s\000t\000P\000a\000r\000a\000m\000e\000t\000e\000r\000s}{subsection.5.22.2}% 203
\BOOKMARK [0][-]{chapter.6}{\376\377\000F\000i\000l\000e\000\040\000D\000o\000c\000u\000m\000e\000n\000t\000a\000t\000i\000o\000n}{}% 204
\BOOKMARK [1][-]{section.6.1}{\376\377\000p\000k\000g\000/\000A\000M\000O\000R\000E\000/\000s\000r\000c\000/\000A\000M\000O\000R\000E\000.\000h\000\040\000F\000i\000l\000e\000\040\000R\000e\000f\000e\000r\000e\000n\000c\000e}{chapter.6}% 205
\BOOKMARK [2][-]{subsection.6.1.1}{\376\377\000D\000e\000f\000i\000n\000e\000\040\000D\000o\000c\000u\000m\000e\000n\000t\000a\000t\000i\000o\000n}{section.6.1}% 206
\BOOKMARK [3][-]{subsubsection.6.1.1.1}{\376\377\000f\000o\000r\000e\000a\000c\000h}{subsection.6.1.1}% 207
\BOOKMARK [3][-]{subsubsection.6.1.1.2}{\376\377\000s\000i\000z\000e\000\137\000t\000y\000p\000e}{subsection.6.1.1}% 208
\BOOKMARK [2][-]{subsection.6.1.2}{\376\377\000T\000y\000p\000e\000d\000e\000f\000\040\000D\000o\000c\000u\000m\000e\000n\000t\000a\000t\000i\000o\000n}{section.6.1}% 209
\BOOKMARK [3][-]{subsubsection.6.1.2.1}{\376\377\000C\000o\000n\000C\000o\000n\000t\000a\000i\000n\000e\000r\000P\000t\000r}{subsection.6.1.2}% 210
\BOOKMARK [3][-]{subsubsection.6.1.2.2}{\376\377\000C\000o\000n\000I\000t\000e\000r\000a\000t\000o\000r\000P\000t\000r}{subsection.6.1.2}% 211
\BOOKMARK [3][-]{subsubsection.6.1.2.3}{\376\377\000C\000o\000n\000P\000t\000r}{subsection.6.1.2}% 212
\BOOKMARK [3][-]{subsubsection.6.1.2.4}{\376\377\000H\000a\000n\000d\000l\000e\000r}{subsection.6.1.2}% 213
\BOOKMARK [3][-]{subsubsection.6.1.2.5}{\376\377\000N\000e\000u\000r\000a\000l\000C\000r\000e\000a\000t\000o\000r\000P\000t\000r}{subsection.6.1.2}% 214
\BOOKMARK [3][-]{subsubsection.6.1.2.6}{\376\377\000N\000e\000u\000r\000a\000l\000F\000a\000c\000t\000o\000r\000y\000P\000t\000r}{subsection.6.1.2}% 215
\BOOKMARK [3][-]{subsubsection.6.1.2.7}{\376\377\000N\000e\000u\000r\000o\000n\000C\000o\000n\000t\000a\000i\000n\000e\000r\000P\000t\000r}{subsection.6.1.2}% 216
\BOOKMARK [3][-]{subsubsection.6.1.2.8}{\376\377\000N\000e\000u\000r\000o\000n\000I\000t\000e\000r\000a\000t\000o\000r\000P\000t\000r}{subsection.6.1.2}% 217
\BOOKMARK [3][-]{subsubsection.6.1.2.9}{\376\377\000N\000e\000u\000r\000o\000n\000P\000t\000r}{subsection.6.1.2}% 218
\BOOKMARK [3][-]{subsubsection.6.1.2.10}{\376\377\000N\000e\000u\000r\000o\000n\000R\000e\000f}{subsection.6.1.2}% 219
\BOOKMARK [3][-]{subsubsection.6.1.2.11}{\376\377\000P\000r\000e\000d\000i\000c\000t\000B\000e\000h\000a\000v\000i\000o\000r\000R\000e\000f}{subsection.6.1.2}% 220
\BOOKMARK [3][-]{subsubsection.6.1.2.12}{\376\377\000T\000r\000a\000i\000n\000i\000n\000g\000B\000e\000h\000a\000v\000i\000o\000r\000R\000e\000f}{subsection.6.1.2}% 221
\BOOKMARK [1][-]{section.6.2}{\376\377\000p\000k\000g\000/\000A\000M\000O\000R\000E\000/\000s\000r\000c\000/\000C\000o\000n\000.\000c\000p\000p\000\040\000F\000i\000l\000e\000\040\000R\000e\000f\000e\000r\000e\000n\000c\000e}{chapter.6}% 222
\BOOKMARK [1][-]{section.6.3}{\376\377\000p\000k\000g\000/\000A\000M\000O\000R\000E\000/\000s\000r\000c\000/\000C\000o\000n\000t\000a\000i\000n\000e\000r\000.\000c\000p\000p\000\040\000F\000i\000l\000e\000\040\000R\000e\000f\000e\000r\000e\000n\000c\000e}{chapter.6}% 223
\BOOKMARK [1][-]{section.6.4}{\376\377\000p\000k\000g\000/\000A\000M\000O\000R\000E\000/\000s\000r\000c\000/\000d\000i\000a\000/\000A\000d\000a\000p\000t\000B\000e\000h\000a\000v\000i\000o\000r\000.\000h\000\040\000F\000i\000l\000e\000\040\000R\000e\000f\000e\000r\000e\000n\000c\000e}{chapter.6}% 224
\BOOKMARK [1][-]{section.6.5}{\376\377\000p\000k\000g\000/\000A\000M\000O\000R\000E\000/\000s\000r\000c\000/\000d\000i\000a\000/\000A\000D\000A\000P\000T\000g\000d\000.\000h\000\040\000F\000i\000l\000e\000\040\000R\000e\000f\000e\000r\000e\000n\000c\000e}{chapter.6}% 225
\BOOKMARK [1][-]{section.6.6}{\376\377\000p\000k\000g\000/\000A\000M\000O\000R\000E\000/\000s\000r\000c\000/\000d\000i\000a\000/\000A\000D\000A\000P\000T\000g\000d\000w\000m\000.\000h\000\040\000F\000i\000l\000e\000\040\000R\000e\000f\000e\000r\000e\000n\000c\000e}{chapter.6}% 226
\BOOKMARK [1][-]{section.6.7}{\376\377\000p\000k\000g\000/\000A\000M\000O\000R\000E\000/\000s\000r\000c\000/\000d\000i\000a\000/\000B\000a\000t\000c\000h\000B\000e\000h\000a\000v\000i\000o\000r\000.\000h\000\040\000F\000i\000l\000e\000\040\000R\000e\000f\000e\000r\000e\000n\000c\000e}{chapter.6}% 227
\BOOKMARK [1][-]{section.6.8}{\376\377\000p\000k\000g\000/\000A\000M\000O\000R\000E\000/\000s\000r\000c\000/\000d\000i\000a\000/\000B\000A\000T\000C\000H\000g\000d\000.\000h\000\040\000F\000i\000l\000e\000\040\000R\000e\000f\000e\000r\000e\000n\000c\000e}{chapter.6}% 228
\BOOKMARK [1][-]{section.6.9}{\376\377\000p\000k\000g\000/\000A\000M\000O\000R\000E\000/\000s\000r\000c\000/\000d\000i\000a\000/\000B\000A\000T\000C\000H\000g\000d\000w\000m\000.\000h\000\040\000F\000i\000l\000e\000\040\000R\000e\000f\000e\000r\000e\000n\000c\000e}{chapter.6}% 229
\BOOKMARK [1][-]{section.6.10}{\376\377\000p\000k\000g\000/\000A\000M\000O\000R\000E\000/\000s\000r\000c\000/\000d\000i\000a\000/\000C\000o\000n\000.\000h\000\040\000F\000i\000l\000e\000\040\000R\000e\000f\000e\000r\000e\000n\000c\000e}{chapter.6}% 230
\BOOKMARK [1][-]{section.6.11}{\376\377\000p\000k\000g\000/\000A\000M\000O\000R\000E\000/\000s\000r\000c\000/\000d\000i\000a\000/\000C\000o\000n\000t\000a\000i\000n\000e\000r\000.\000h\000\040\000F\000i\000l\000e\000\040\000R\000e\000f\000e\000r\000e\000n\000c\000e}{chapter.6}% 231
\BOOKMARK [1][-]{section.6.12}{\376\377\000p\000k\000g\000/\000A\000M\000O\000R\000E\000/\000s\000r\000c\000/\000d\000i\000a\000/\000I\000t\000e\000r\000a\000t\000o\000r\000.\000h\000\040\000F\000i\000l\000e\000\040\000R\000e\000f\000e\000r\000e\000n\000c\000e}{chapter.6}% 232
\BOOKMARK [1][-]{section.6.13}{\376\377\000p\000k\000g\000/\000A\000M\000O\000R\000E\000/\000s\000r\000c\000/\000d\000i\000a\000/\000M\000L\000P\000b\000e\000h\000a\000v\000i\000o\000r\000.\000h\000\040\000F\000i\000l\000e\000\040\000R\000e\000f\000e\000r\000e\000n\000c\000e}{chapter.6}% 233
\BOOKMARK [1][-]{section.6.14}{\376\377\000p\000k\000g\000/\000A\000M\000O\000R\000E\000/\000s\000r\000c\000/\000d\000i\000a\000/\000M\000L\000P\000f\000a\000c\000t\000o\000r\000y\000.\000h\000\040\000F\000i\000l\000e\000\040\000R\000e\000f\000e\000r\000e\000n\000c\000e}{chapter.6}% 234
\BOOKMARK [1][-]{section.6.15}{\376\377\000p\000k\000g\000/\000A\000M\000O\000R\000E\000/\000s\000r\000c\000/\000d\000i\000a\000/\000N\000e\000u\000r\000a\000l\000C\000r\000e\000a\000t\000o\000r\000.\000h\000\040\000F\000i\000l\000e\000\040\000R\000e\000f\000e\000r\000e\000n\000c\000e}{chapter.6}% 235
\BOOKMARK [1][-]{section.6.16}{\376\377\000p\000k\000g\000/\000A\000M\000O\000R\000E\000/\000s\000r\000c\000/\000d\000i\000a\000/\000N\000e\000u\000r\000a\000l\000F\000a\000c\000t\000o\000r\000y\000.\000h\000\040\000F\000i\000l\000e\000\040\000R\000e\000f\000e\000r\000e\000n\000c\000e}{chapter.6}% 236
\BOOKMARK [1][-]{section.6.17}{\376\377\000p\000k\000g\000/\000A\000M\000O\000R\000E\000/\000s\000r\000c\000/\000d\000i\000a\000/\000N\000e\000u\000r\000o\000n\000.\000h\000\040\000F\000i\000l\000e\000\040\000R\000e\000f\000e\000r\000e\000n\000c\000e}{chapter.6}% 237
\BOOKMARK [1][-]{section.6.18}{\376\377\000p\000k\000g\000/\000A\000M\000O\000R\000E\000/\000s\000r\000c\000/\000d\000i\000a\000/\000P\000r\000e\000d\000i\000c\000t\000B\000e\000h\000a\000v\000i\000o\000r\000.\000h\000\040\000F\000i\000l\000e\000\040\000R\000e\000f\000e\000r\000e\000n\000c\000e}{chapter.6}% 238
\BOOKMARK [1][-]{section.6.19}{\376\377\000p\000k\000g\000/\000A\000M\000O\000R\000E\000/\000s\000r\000c\000/\000d\000i\000a\000/\000R\000B\000F\000b\000e\000h\000a\000v\000i\000o\000r\000.\000h\000\040\000F\000i\000l\000e\000\040\000R\000e\000f\000e\000r\000e\000n\000c\000e}{chapter.6}% 239
\BOOKMARK [1][-]{section.6.20}{\376\377\000p\000k\000g\000/\000A\000M\000O\000R\000E\000/\000s\000r\000c\000/\000d\000i\000a\000/\000R\000B\000F\000f\000a\000c\000t\000o\000r\000y\000.\000h\000\040\000F\000i\000l\000e\000\040\000R\000e\000f\000e\000r\000e\000n\000c\000e}{chapter.6}% 240
\BOOKMARK [1][-]{section.6.21}{\376\377\000p\000k\000g\000/\000A\000M\000O\000R\000E\000/\000s\000r\000c\000/\000d\000i\000a\000/\000S\000i\000m\000p\000l\000e\000C\000o\000n\000t\000a\000i\000n\000e\000r\000.\000h\000\040\000F\000i\000l\000e\000\040\000R\000e\000f\000e\000r\000e\000n\000c\000e}{chapter.6}% 241
\BOOKMARK [1][-]{section.6.22}{\376\377\000p\000k\000g\000/\000A\000M\000O\000R\000E\000/\000s\000r\000c\000/\000d\000i\000a\000/\000S\000i\000m\000p\000l\000e\000C\000o\000n\000t\000a\000i\000n\000e\000r\000I\000t\000e\000r\000a\000t\000o\000r\000.\000h\000\040\000F\000i\000l\000e\000\040\000R\000e\000f\000e\000r\000e\000n\000c\000e}{chapter.6}% 242
\BOOKMARK [1][-]{section.6.23}{\376\377\000p\000k\000g\000/\000A\000M\000O\000R\000E\000/\000s\000r\000c\000/\000d\000i\000a\000/\000S\000i\000m\000p\000l\000e\000N\000e\000u\000r\000a\000l\000C\000r\000e\000a\000t\000o\000r\000.\000h\000\040\000F\000i\000l\000e\000\040\000R\000e\000f\000e\000r\000e\000n\000c\000e}{chapter.6}% 243
\BOOKMARK [1][-]{section.6.24}{\376\377\000p\000k\000g\000/\000A\000M\000O\000R\000E\000/\000s\000r\000c\000/\000d\000i\000a\000/\000S\000i\000m\000p\000l\000e\000N\000e\000u\000r\000o\000n\000.\000h\000\040\000F\000i\000l\000e\000\040\000R\000e\000f\000e\000r\000e\000n\000c\000e}{chapter.6}% 244
\BOOKMARK [1][-]{section.6.25}{\376\377\000p\000k\000g\000/\000A\000M\000O\000R\000E\000/\000s\000r\000c\000/\000d\000i\000a\000/\000T\000r\000a\000i\000n\000i\000n\000g\000B\000e\000h\000a\000v\000i\000o\000r\000.\000h\000\040\000F\000i\000l\000e\000\040\000R\000e\000f\000e\000r\000e\000n\000c\000e}{chapter.6}% 245
\BOOKMARK [1][-]{section.6.26}{\376\377\000p\000k\000g\000/\000A\000M\000O\000R\000E\000/\000s\000r\000c\000/\000I\000t\000e\000r\000a\000t\000o\000r\000.\000c\000p\000p\000\040\000F\000i\000l\000e\000\040\000R\000e\000f\000e\000r\000e\000n\000c\000e}{chapter.6}% 246
\BOOKMARK [1][-]{section.6.27}{\376\377\000p\000k\000g\000/\000A\000M\000O\000R\000E\000/\000s\000r\000c\000/\000M\000L\000P\000f\000a\000c\000t\000o\000r\000y\000.\000c\000p\000p\000\040\000F\000i\000l\000e\000\040\000R\000e\000f\000e\000r\000e\000n\000c\000e}{chapter.6}% 247
\BOOKMARK [1][-]{section.6.28}{\376\377\000p\000k\000g\000/\000A\000M\000O\000R\000E\000/\000s\000r\000c\000/\000S\000i\000m\000p\000l\000e\000C\000o\000n\000t\000a\000i\000n\000e\000r\000.\000c\000p\000p\000\040\000F\000i\000l\000e\000\040\000R\000e\000f\000e\000r\000e\000n\000c\000e}{chapter.6}% 248
\BOOKMARK [1][-]{section.6.29}{\376\377\000p\000k\000g\000/\000A\000M\000O\000R\000E\000/\000s\000r\000c\000/\000S\000i\000m\000p\000l\000e\000C\000o\000n\000t\000a\000i\000n\000e\000r\000I\000t\000e\000r\000a\000t\000o\000r\000.\000c\000p\000p\000\040\000F\000i\000l\000e\000\040\000R\000e\000f\000e\000r\000e\000n\000c\000e}{chapter.6}% 249
\BOOKMARK [1][-]{section.6.30}{\376\377\000p\000k\000g\000/\000A\000M\000O\000R\000E\000/\000s\000r\000c\000/\000S\000i\000m\000p\000l\000e\000N\000e\000u\000r\000a\000l\000C\000r\000e\000a\000t\000o\000r\000.\000c\000p\000p\000\040\000F\000i\000l\000e\000\040\000R\000e\000f\000e\000r\000e\000n\000c\000e}{chapter.6}% 250
\BOOKMARK [1][-]{section.6.31}{\376\377\000p\000k\000g\000/\000A\000M\000O\000R\000E\000/\000s\000r\000c\000/\000S\000i\000m\000p\000l\000e\000N\000e\000u\000r\000o\000n\000.\000c\000p\000p\000\040\000F\000i\000l\000e\000\040\000R\000e\000f\000e\000r\000e\000n\000c\000e}{chapter.6}% 251
